<?xml version="1.0" encoding="UTF-8"?>
<testng-results skipped="0" failed="0" total="1" passed="1">
  <reporter-output>
  </reporter-output>
  <suite name="Suite" duration-ms="12848" started-at="2021-08-18T11:27:38Z" finished-at="2021-08-18T11:27:51Z">
    <groups>
    </groups>
    <test name="Test" duration-ms="12848" started-at="2021-08-18T11:27:38Z" finished-at="2021-08-18T11:27:51Z">
      <class name="com.srikanth.mavenDemo.Maventest">
        <test-method status="PASS" signature="openBro()[pri:0, instance:com.srikanth.mavenDemo.Maventest@258e2e41]" name="openBro" duration-ms="12827" started-at="2021-08-18T16:57:38Z" finished-at="2021-08-18T16:57:51Z">
          <reporter-output>
          </reporter-output>
        </test-method> <!-- openBro -->
      </class> <!-- com.srikanth.mavenDemo.Maventest -->
    </test> <!-- Test -->
  </suite> <!-- Suite -->
</testng-results>
