<?xml version="1.0" encoding="UTF-8"?>
<testng-results skipped="0" failed="0" total="1" passed="1">
  <reporter-output>
  </reporter-output>
  <suite name="Default suite" duration-ms="34135" started-at="2021-08-18T11:09:40Z" finished-at="2021-08-18T11:10:14Z">
    <groups>
    </groups>
    <test name="Default test" duration-ms="34135" started-at="2021-08-18T11:09:40Z" finished-at="2021-08-18T11:10:14Z">
      <class name="com.srikanth.mavenDemo.Maventest">
        <test-method status="PASS" signature="openBro()[pri:0, instance:com.srikanth.mavenDemo.Maventest@56a6d5a6]" name="openBro" duration-ms="34108" started-at="2021-08-18T16:39:40Z" finished-at="2021-08-18T16:40:14Z">
          <reporter-output>
          </reporter-output>
        </test-method> <!-- openBro -->
      </class> <!-- com.srikanth.mavenDemo.Maventest -->
    </test> <!-- Default test -->
  </suite> <!-- Default suite -->
</testng-results>
